#1: Type=3, Data=html, Attr=[{ lang en}]
#2: Type=3, Data=head, Attr=[]
#3: Type=3, Data=meta, Attr=[{ charset utf-8}]
#4: Type=3, Data=meta, Attr=[{ http-equiv X-UA-Compatible} { content IE=edge,chrome=1}]
#5: Type=3, Data=title, Attr=[]
#6: Type=3, Data=meta, Attr=[{ name renderer} { content webkit}]
#7: Type=3, Data=meta, Attr=[{ name viewport} { content width=device-width, initial-scale=1, maximum-scale=1}]
#8: Type=3, Data=meta, Attr=[{ http-equiv Cache-Control} { content no-transform}]
#9: Type=3, Data=meta, Attr=[{ http-equiv Cache-Control} { content no-siteapp}]
#10: Type=3, Data=meta, Attr=[{ name theme-color} { content #f8f5ec}]
#11: Type=3, Data=meta, Attr=[{ name msapplication-navbutton-color} { content #f8f5ec}]
#12: Type=3, Data=meta, Attr=[{ name apple-mobile-web-app-capable} { content yes}]
#13: Type=3, Data=meta, Attr=[{ name apple-mobile-web-app-status-bar-style} { content #f8f5ec}]
#14: Type=3, Data=meta, Attr=[{ name author} { content June}]
#15: Type=3, Data=meta, Attr=[{ name description} { content blog of June Yuan}]
#16: Type=3, Data=meta, Attr=[{ name keywords} { content blog, JuneYuan, hugo}]
#17: Type=3, Data=meta, Attr=[{ name generator} { content Hugo 0.48}]
#18: Type=3, Data=link, Attr=[{ rel canonical} { href https://juneyuan.github.io/blog/}]
#19: Type=3, Data=link, Attr=[{ href https://juneyuan.github.io/blog/index.xml} { rel alternate} { type application/rss+xml} { title June Yuan's Blog}]
#20: Type=3, Data=link, Attr=[{ href https://juneyuan.github.io/blog/index.xml} { rel feed} { type application/rss+xml} { title June Yuan's Blog}]
#21: Type=3, Data=link, Attr=[{ rel apple-touch-icon} { sizes 180x180} { href /blog/apple-touch-icon.png}]
#22: Type=3, Data=link, Attr=[{ rel icon} { type image/png} { sizes 32x32} { href /blog/favicon-32x32.png}]
#23: Type=3, Data=link, Attr=[{ rel icon} { type image/png} { sizes 16x16} { href /blog/favicon-16x16.png}]
#24: Type=3, Data=link, Attr=[{ rel manifest} { href /blog/manifest.json}]
#25: Type=3, Data=link, Attr=[{ rel mask-icon} { href /blog/safari-pinned-tab.svg} { color #5bbad5}]
#26: Type=3, Data=link, Attr=[{ href /blog/dist/even.min.css?v=3.2.0} { rel stylesheet}]
#27: Type=3, Data=link, Attr=[{ href /blog/lib/fancybox/jquery.fancybox-3.1.20.min.css} { rel stylesheet}]
#28: Type=3, Data=meta, Attr=[{ property og:title} { content June Yuan's Blog}]
#29: Type=3, Data=meta, Attr=[{ property og:description} { content blog of June Yuan}]
#30: Type=3, Data=meta, Attr=[{ property og:type} { content website}]
#31: Type=3, Data=meta, Attr=[{ property og:url} { content https://juneyuan.github.io/blog/}]
#32: Type=3, Data=meta, Attr=[{ property og:updated_time} { content 2019-12-01T14:56:26+08:00}]
#33: Type=3, Data=meta, Attr=[{ itemprop name} { content June Yuan's Blog}]
#34: Type=3, Data=meta, Attr=[{ itemprop description} { content blog of June Yuan}]
#35: Type=3, Data=meta, Attr=[{ name twitter:card} { content summary}]
#36: Type=3, Data=meta, Attr=[{ name twitter:title} { content June Yuan's Blog}]
#37: Type=3, Data=meta, Attr=[{ name twitter:description} { content blog of June Yuan}]
#38: Type=3, Data=body, Attr=[]
#39: Type=3, Data=div, Attr=[{ id mobile-navbar} { class mobile-navbar}]
#40: Type=3, Data=div, Attr=[{ class mobile-header-logo}]
#41: Type=3, Data=a, Attr=[{ href /blog/} { class logo}]
#42: Type=3, Data=div, Attr=[{ class mobile-navbar-icon}]
#43: Type=3, Data=span, Attr=[]
#44: Type=3, Data=span, Attr=[]
#45: Type=3, Data=span, Attr=[]
#46: Type=3, Data=nav, Attr=[{ id mobile-menu} { class mobile-menu slideout-menu}]
#47: Type=3, Data=ul, Attr=[{ class mobile-menu-list}]
#48: Type=3, Data=a, Attr=[{ href /blog/}]
#49: Type=3, Data=li, Attr=[{ class mobile-menu-item}]
#50: Type=3, Data=a, Attr=[{ href /blog/post/}]
#51: Type=3, Data=li, Attr=[{ class mobile-menu-item}]
#52: Type=3, Data=a, Attr=[{ href /blog/tags/}]
#53: Type=3, Data=li, Attr=[{ class mobile-menu-item}]
#54: Type=3, Data=a, Attr=[{ href /blog/categories/}]
#55: Type=3, Data=li, Attr=[{ class mobile-menu-item}]
#56: Type=3, Data=div, Attr=[{ class container} { id mobile-panel}]
#57: Type=3, Data=header, Attr=[{ id header} { class header}]
#58: Type=3, Data=div, Attr=[{ class logo-wrapper}]
#59: Type=3, Data=a, Attr=[{ href /blog/} { class logo}]
#60: Type=3, Data=nav, Attr=[{ class site-navbar}]
#61: Type=3, Data=ul, Attr=[{ id menu} { class menu}]
#62: Type=3, Data=li, Attr=[{ class menu-item}]
#63: Type=3, Data=a, Attr=[{ class menu-item-link} { href /blog/}]
#64: Type=3, Data=li, Attr=[{ class menu-item}]
#65: Type=3, Data=a, Attr=[{ class menu-item-link} { href /blog/post/}]
#66: Type=3, Data=li, Attr=[{ class menu-item}]
#67: Type=3, Data=a, Attr=[{ class menu-item-link} { href /blog/tags/}]
#68: Type=3, Data=li, Attr=[{ class menu-item}]
#69: Type=3, Data=a, Attr=[{ class menu-item-link} { href /blog/categories/}]
#70: Type=3, Data=main, Attr=[{ id main} { class main}]
#71: Type=3, Data=div, Attr=[{ class content-wrapper}]
#72: Type=3, Data=div, Attr=[{ id content} { class content}]
#73: Type=3, Data=section, Attr=[{ id posts} { class posts}]
#74: Type=3, Data=article, Attr=[{ class post}]
#75: Type=3, Data=header, Attr=[{ class post-header}]
#76: Type=3, Data=h1, Attr=[{ class post-title}]
#77: Type=3, Data=a, Attr=[{ class post-link} { href /blog/post/arts-01/}]
#78: Type=3, Data=div, Attr=[{ class post-meta}]
#79: Type=3, Data=span, Attr=[{ class post-time}]
#80: Type=3, Data=span, Attr=[{ class more-meta}]
#81: Type=3, Data=span, Attr=[{ class more-meta}]
#82: Type=3, Data=div, Attr=[{ class post-content}]
#83: Type=3, Data=div, Attr=[{ class post-summary}]
#84: Type=3, Data=div, Attr=[{ class read-more}]
#85: Type=3, Data=a, Attr=[{ href /blog/post/arts-01/} { class read-more-link}]
#86: Type=3, Data=article, Attr=[{ class post}]
#87: Type=3, Data=header, Attr=[{ class post-header}]
#88: Type=3, Data=h1, Attr=[{ class post-title}]
#89: Type=3, Data=a, Attr=[{ class post-link} { href /blog/post/git-troubleshooting/}]
#90: Type=3, Data=div, Attr=[{ class post-meta}]
#91: Type=3, Data=span, Attr=[{ class post-time}]
#92: Type=3, Data=span, Attr=[{ class more-meta}]
#93: Type=3, Data=span, Attr=[{ class more-meta}]
#94: Type=3, Data=div, Attr=[{ class post-content}]
#95: Type=3, Data=div, Attr=[{ class post-summary}]
#96: Type=3, Data=div, Attr=[{ class read-more}]
#97: Type=3, Data=a, Attr=[{ href /blog/post/git-troubleshooting/} { class read-more-link}]
#98: Type=3, Data=article, Attr=[{ class post}]
#99: Type=3, Data=header, Attr=[{ class post-header}]
#100: Type=3, Data=h1, Attr=[{ class post-title}]
#101: Type=3, Data=a, Attr=[{ class post-link} { href /blog/post/pseudo-bug-caused-by-cache/}]
#102: Type=3, Data=div, Attr=[{ class post-meta}]
#103: Type=3, Data=span, Attr=[{ class post-time}]
#104: Type=3, Data=span, Attr=[{ class more-meta}]
#105: Type=3, Data=span, Attr=[{ class more-meta}]
#106: Type=3, Data=div, Attr=[{ class post-content}]
#107: Type=3, Data=div, Attr=[{ class post-summary}]
#108: Type=3, Data=div, Attr=[{ class read-more}]
#109: Type=3, Data=a, Attr=[{ href /blog/post/pseudo-bug-caused-by-cache/} { class read-more-link}]
#110: Type=3, Data=article, Attr=[{ class post}]
#111: Type=3, Data=header, Attr=[{ class post-header}]
#112: Type=3, Data=h1, Attr=[{ class post-title}]
#113: Type=3, Data=a, Attr=[{ class post-link} { href /blog/post/one-hundred-and-one-nights/}]
#114: Type=3, Data=div, Attr=[{ class post-meta}]
#115: Type=3, Data=span, Attr=[{ class post-time}]
#116: Type=3, Data=span, Attr=[{ class more-meta}]
#117: Type=3, Data=span, Attr=[{ class more-meta}]
#118: Type=3, Data=div, Attr=[{ class post-content}]
#119: Type=3, Data=div, Attr=[{ class post-summary}]
#120: Type=3, Data=div, Attr=[{ class read-more}]
#121: Type=3, Data=a, Attr=[{ href /blog/post/one-hundred-and-one-nights/} { class read-more-link}]
#122: Type=3, Data=article, Attr=[{ class post}]
#123: Type=3, Data=header, Attr=[{ class post-header}]
#124: Type=3, Data=h1, Attr=[{ class post-title}]
#125: Type=3, Data=a, Attr=[{ class post-link} { href /blog/post/recursion-and-induction/}]
#126: Type=3, Data=div, Attr=[{ class post-meta}]
#127: Type=3, Data=span, Attr=[{ class post-time}]
#128: Type=3, Data=span, Attr=[{ class more-meta}]
#129: Type=3, Data=span, Attr=[{ class more-meta}]
#130: Type=3, Data=div, Attr=[{ class post-content}]
#131: Type=3, Data=div, Attr=[{ class post-summary}]
#132: Type=3, Data=div, Attr=[{ class read-more}]
#133: Type=3, Data=a, Attr=[{ href /blog/post/recursion-and-induction/} { class read-more-link}]
#134: Type=3, Data=nav, Attr=[{ class pagination}]
#135: Type=3, Data=a, Attr=[{ class next} { href /blog/page/2/}]
#136: Type=3, Data=span, Attr=[{ class next-text}]
#137: Type=3, Data=i, Attr=[{ class iconfont icon-right}]
#138: Type=3, Data=footer, Attr=[{ id footer} { class footer}]
#139: Type=3, Data=div, Attr=[{ class social-links}]
#140: Type=3, Data=a, Attr=[{ href smartjune@qq.com} { class iconfont icon-email} { title email}]
#141: Type=3, Data=a, Attr=[{ href https://github.com/juneyuan} { class iconfont icon-github} { title github}]
#142: Type=3, Data=a, Attr=[{ href https://juneyuan.github.io/blog/index.xml} { type application/rss+xml} { class iconfont icon-rss} { title rss}]
#143: Type=3, Data=div, Attr=[{ class copyright}]
#144: Type=3, Data=span, Attr=[{ class power-by}]
#145: Type=3, Data=a, Attr=[{ class hexo-link} { href https://gohugo.io}]
#146: Type=3, Data=span, Attr=[{ class division}]
#147: Type=3, Data=span, Attr=[{ class theme-info}]
#148: Type=3, Data=a, Attr=[{ class theme-link} { href https://github.com/olOwOlo/hugo-theme-even}]
#149: Type=3, Data=span, Attr=[{ class copyright-year}]
#150: Type=3, Data=span, Attr=[{ class heart}]
#151: Type=3, Data=i, Attr=[{ class iconfont icon-heart}]
#152: Type=3, Data=span, Attr=[{ class author}]
#153: Type=3, Data=div, Attr=[{ class back-to-top} { id back-to-top}]
#154: Type=3, Data=i, Attr=[{ class iconfont icon-up}]
#155: Type=3, Data=script, Attr=[{ src /blog/lib/highlight/highlight.pack.js?v=20171001}]
#156: Type=3, Data=script, Attr=[{ type text/javascript} { src /blog/lib/jquery/jquery-3.2.1.min.js}]
#157: Type=3, Data=script, Attr=[{ type text/javascript} { src /blog/lib/slideout/slideout-1.0.1.min.js}]
#158: Type=3, Data=script, Attr=[{ type text/javascript} { src /blog/lib/fancybox/jquery.fancybox-3.1.20.min.js}]
#159: Type=3, Data=script, Attr=[{ type text/javascript} { src /blog/dist/even.min.js?v=3.2.0}]
